# JRE version: Java(TM) SE Runtime Environment (24.0.1+9) (build 24.0.1+9-30)
# Java VM: Java HotSpot(TM) 64-Bit Server VM (24.0.1+9-30, mixed mode, sharing, tiered, compressed oops, compressed class ptrs, g1 gc, windows-amd64)
GC Precious Log:
 CardTable entry size: 512
 Card Set container configuration: InlinePtr #cards 4 size 8 Array Of Cards #cards 16 size 48 Howl #buckets 8 coarsen threshold 3686 Howl Bitmap #cards 512 size 80 coarsen threshold 460 Card regions per heap region 1 cards per card region 4096
 CPUs: 20 total, 20 available
 Memory: 16003M
 Large Page Support: Disabled
 NUMA Support: Disabled
 Compressed Oops: Enabled (Zero based)
 Heap Region Size: 2M
 Heap Min Capacity: 8M
 Heap Initial Capacity: 252M
 Heap Max Capacity: 4002M
 Pre-touch: Disabled
 Parallel Workers: 15
 Concurrent Workers: 4
 Concurrent Refinement Workers: 15
 Periodic GC: Disabled
Heap:
 garbage-first heap   total reserved 4098048K, committed 129024K, used 63160K [0x0000000705e00000, 0x0000000800000000)
  region size 2048K, 10 young (20480K), 2 survivors (4096K)
 Metaspace       used 108803K, committed 109696K, reserved 1179648K
  class space    used 11830K, committed 12224K, reserved 1048576K
GC Heap History (20 events):
Event: 13714.288 GC heap before
{Heap before GC invocations=74 (full 2):
 garbage-first heap   total reserved 4098048K, committed 129024K, used 107483K [0x0000000705e00000, 0x0000000800000000)
  region size 2048K, 31 young (63488K), 3 survivors (6144K)
 Metaspace       used 106548K, committed 107456K, reserved 1179648K
  class space    used 11674K, committed 12096K, reserved 1048576K
}
Event: 13714.363 GC heap after
{Heap after GC invocations=75 (full 2):
 garbage-first heap   total reserved 4098048K, committed 129024K, used 50305K [0x0000000705e00000, 0x0000000800000000)
  region size 2048K, 2 young (4096K), 2 survivors (4096K)
 Metaspace       used 106548K, committed 107456K, reserved 1179648K
  class space    used 11674K, committed 12096K, reserved 1048576K
}
Event: 13991.232 GC heap before
{Heap before GC invocations=75 (full 2):
 garbage-first heap   total reserved 4098048K, committed 129024K, used 113793K [0x0000000705e00000, 0x0000000800000000)
  region size 2048K, 33 young (67584K), 2 survivors (4096K)
 Metaspace       used 107062K, committed 107968K, reserved 1179648K
  class space    used 11730K, committed 12160K, reserved 1048576K
}
Event: 13991.312 GC heap after
{Heap after GC invocations=76 (full 2):
 garbage-first heap   total reserved 4098048K, committed 129024K, used 51685K [0x0000000705e00000, 0x0000000800000000)
  region size 2048K, 3 young (6144K), 3 survivors (6144K)
 Metaspace       used 107062K, committed 107968K, reserved 1179648K
  class space    used 11730K, committed 12160K, reserved 1048576K
}
Event: 14174.178 GC heap before
{Heap before GC invocations=77 (full 2):
 garbage-first heap   total reserved 4098048K, committed 129024K, used 109029K [0x0000000705e00000, 0x0000000800000000)
  region size 2048K, 32 young (65536K), 3 survivors (6144K)
 Metaspace       used 107796K, committed 108672K, reserved 1179648K
  class space    used 11805K, committed 12224K, reserved 1048576K
}
Event: 14174.212 GC heap after
{Heap after GC invocations=78 (full 2):
 garbage-first heap   total reserved 4098048K, committed 129024K, used 52529K [0x0000000705e00000, 0x0000000800000000)
  region size 2048K, 2 young (4096K), 2 survivors (4096K)
 Metaspace       used 107796K, committed 108672K, reserved 1179648K
  class space    used 11805K, committed 12224K, reserved 1048576K
}
Event: 14515.803 GC heap before
{Heap before GC invocations=78 (full 2):
 garbage-first heap   total reserved 4098048K, committed 129024K, used 111921K [0x0000000705e00000, 0x0000000800000000)
  region size 2048K, 31 young (63488K), 2 survivors (4096K)
 Metaspace       used 108001K, committed 108928K, reserved 1179648K
  class space    used 11810K, committed 12224K, reserved 1048576K
}
Event: 14515.922 GC heap after
{Heap after GC invocations=79 (full 2):
 garbage-first heap   total reserved 4098048K, committed 129024K, used 51353K [0x0000000705e00000, 0x0000000800000000)
  region size 2048K, 2 young (4096K), 2 survivors (4096K)
 Metaspace       used 108001K, committed 108928K, reserved 1179648K
  class space    used 11810K, committed 12224K, reserved 1048576K
}
Event: 14777.711 GC heap before
{Heap before GC invocations=79 (full 2):
 garbage-first heap   total reserved 4098048K, committed 129024K, used 110745K [0x0000000705e00000, 0x0000000800000000)
  region size 2048K, 32 young (65536K), 2 survivors (4096K)
 Metaspace       used 108295K, committed 109184K, reserved 1179648K
  class space    used 11816K, committed 12224K, reserved 1048576K
}
Event: 14777.747 GC heap after
{Heap after GC invocations=80 (full 2):
 garbage-first heap   total reserved 4098048K, committed 129024K, used 51548K [0x0000000705e00000, 0x0000000800000000)
  region size 2048K, 2 young (4096K), 2 survivors (4096K)
 Metaspace       used 108295K, committed 109184K, reserved 1179648K
  class space    used 11816K, committed 12224K, reserved 1048576K
}
Event: 15180.221 GC heap before
{Heap before GC invocations=81 (full 2):
 garbage-first heap   total reserved 4098048K, committed 129024K, used 112988K [0x0000000705e00000, 0x0000000800000000)
  region size 2048K, 32 young (65536K), 2 survivors (4096K)
 Metaspace       used 108295K, committed 109184K, reserved 1179648K
  class space    used 11810K, committed 12224K, reserved 1048576K
}
Event: 15180.291 GC heap after
{Heap after GC invocations=82 (full 2):
 garbage-first heap   total reserved 4098048K, committed 129024K, used 51862K [0x0000000705e00000, 0x0000000800000000)
  region size 2048K, 2 young (4096K), 2 survivors (4096K)
 Metaspace       used 108295K, committed 109184K, reserved 1179648K
  class space    used 11810K, committed 12224K, reserved 1048576K
}
Event: 15605.142 GC heap before
{Heap before GC invocations=82 (full 2):
 garbage-first heap   total reserved 4098048K, committed 129024K, used 113302K [0x0000000705e00000, 0x0000000800000000)
  region size 2048K, 32 young (65536K), 2 survivors (4096K)
 Metaspace       used 108296K, committed 109184K, reserved 1179648K
  class space    used 11810K, committed 12224K, reserved 1048576K
}
Event: 15605.248 GC heap after
{Heap after GC invocations=83 (full 2):
 garbage-first heap   total reserved 4098048K, committed 129024K, used 51555K [0x0000000705e00000, 0x0000000800000000)
  region size 2048K, 2 young (4096K), 2 survivors (4096K)
 Metaspace       used 108296K, committed 109184K, reserved 1179648K
  class space    used 11810K, committed 12224K, reserved 1048576K
}
Event: 15965.209 GC heap before
{Heap before GC invocations=83 (full 2):
 garbage-first heap   total reserved 4098048K, committed 129024K, used 115043K [0x0000000705e00000, 0x0000000800000000)
  region size 2048K, 33 young (67584K), 2 survivors (4096K)
 Metaspace       used 108398K, committed 109312K, reserved 1179648K
  class space    used 11814K, committed 12224K, reserved 1048576K
}
Event: 15965.299 GC heap after
{Heap after GC invocations=84 (full 2):
 garbage-first heap   total reserved 4098048K, committed 129024K, used 51508K [0x0000000705e00000, 0x0000000800000000)
  region size 2048K, 2 young (4096K), 2 survivors (4096K)
 Metaspace       used 108398K, committed 109312K, reserved 1179648K
  class space    used 11814K, committed 12224K, reserved 1048576K
}
Event: 16368.975 GC heap before
{Heap before GC invocations=85 (full 2):
 garbage-first heap   total reserved 4098048K, committed 129024K, used 114996K [0x0000000705e00000, 0x0000000800000000)
  region size 2048K, 33 young (67584K), 2 survivors (4096K)
 Metaspace       used 108418K, committed 109312K, reserved 1179648K
  class space    used 11814K, committed 12224K, reserved 1048576K
}
Event: 16369.006 GC heap after
{Heap after GC invocations=86 (full 2):
 garbage-first heap   total reserved 4098048K, committed 129024K, used 51435K [0x0000000705e00000, 0x0000000800000000)
  region size 2048K, 2 young (4096K), 2 survivors (4096K)
 Metaspace       used 108418K, committed 109312K, reserved 1179648K
  class space    used 11814K, committed 12224K, reserved 1048576K
}
Event: 16760.129 GC heap before
{Heap before GC invocations=86 (full 2):
 garbage-first heap   total reserved 4098048K, committed 129024K, used 112875K [0x0000000705e00000, 0x0000000800000000)
  region size 2048K, 33 young (67584K), 2 survivors (4096K)
 Metaspace       used 108542K, committed 109440K, reserved 1179648K
  class space    used 11824K, committed 12224K, reserved 1048576K
}
Event: 16760.185 GC heap after
{Heap after GC invocations=87 (full 2):
 garbage-first heap   total reserved 4098048K, committed 129024K, used 50872K [0x0000000705e00000, 0x0000000800000000)
  region size 2048K, 2 young (4096K), 2 survivors (4096K)
 Metaspace       used 108542K, committed 109440K, reserved 1179648K
  class space    used 11824K, committed 12224K, reserved 1048576K
}

